<?xml version="1.0" encoding="UTF-8"?>
<testng-results skipped="0" failed="0" total="1" passed="1">
  <reporter-output>
  </reporter-output>
  <suite name="Default suite" duration-ms="5205" started-at="2018-08-01T13:08:04Z" finished-at="2018-08-01T13:08:10Z">
    <groups>
    </groups>
    <test name="Default test" duration-ms="5205" started-at="2018-08-01T13:08:04Z" finished-at="2018-08-01T13:08:10Z">
      <class name="SimpleGetTest1">
        <test-method status="PASS" signature="setUp()[pri:0, instance:SimpleGetTest1@548b7f67]" name="setUp" is-config="true" duration-ms="1295" started-at="2018-08-01T18:38:04Z" finished-at="2018-08-01T18:38:06Z">
          <reporter-output>
          </reporter-output>
        </test-method> <!-- setUp -->
        <test-method status="PASS" signature="GetWeatherDetails()[pri:0, instance:SimpleGetTest1@548b7f67]" name="GetWeatherDetails" duration-ms="3885" started-at="2018-08-01T18:38:06Z" finished-at="2018-08-01T18:38:10Z">
          <reporter-output>
          </reporter-output>
        </test-method> <!-- GetWeatherDetails -->
        <test-method status="PASS" signature="quit()[pri:0, instance:SimpleGetTest1@548b7f67]" name="quit" is-config="true" duration-ms="1" started-at="2018-08-01T18:38:10Z" finished-at="2018-08-01T18:38:10Z">
          <reporter-output>
          </reporter-output>
        </test-method> <!-- quit -->
      </class> <!-- SimpleGetTest1 -->
    </test> <!-- Default test -->
  </suite> <!-- Default suite -->
</testng-results>
